[debug] [2018-08-31T15:50:45.452Z] ----------------------------------------------------------------------
[debug] [2018-08-31T15:50:45.454Z] Command:       /Users/joeywalter/.nvm/versions/node/v10.4.0/bin/node /Users/joeywalter/.nvm/versions/node/v10.4.0/bin/firebase deploy
[debug] [2018-08-31T15:50:45.454Z] CLI Version:   4.2.1
[debug] [2018-08-31T15:50:45.454Z] Platform:      darwin
[debug] [2018-08-31T15:50:45.454Z] Node Version:  v10.4.0
[debug] [2018-08-31T15:50:45.454Z] Time:          Fri Aug 31 2018 09:50:45 GMT-0600 (Mountain Daylight Time)
[debug] [2018-08-31T15:50:45.454Z] ----------------------------------------------------------------------
[debug] 
[debug] [2018-08-31T15:50:45.462Z] > command requires scopes: ["email","openid","https://www.googleapis.com/auth/cloudplatformprojects.readonly","https://www.googleapis.com/auth/firebase","https://www.googleapis.com/auth/cloud-platform"]
[debug] [2018-08-31T15:50:45.462Z] > authorizing via signed-in user
[debug] [2018-08-31T15:50:45.463Z] > refreshing access token with scopes: ["email","https://www.googleapis.com/auth/cloud-platform","https://www.googleapis.com/auth/cloudplatformprojects.readonly","https://www.googleapis.com/auth/firebase","openid"]
[debug] [2018-08-31T15:50:45.463Z] >>> HTTP REQUEST POST https://www.googleapis.com/oauth2/v3/token  

[debug] [2018-08-31T15:50:45.728Z] <<< HTTP RESPONSE 200
[debug] [2018-08-31T15:50:45.750Z] >>> HTTP REQUEST GET https://admin.firebase.com/v1/projects/juicyjaymart  
 
[debug] [2018-08-31T15:50:45.984Z] <<< HTTP RESPONSE 200
[info] 
[info] === Deploying to 'juicyjaymart'...
[info] 
[info] i  deploying hosting
[debug] [2018-08-31T15:50:45.989Z] >>> HTTP REQUEST POST https://firebasehosting.googleapis.com/v1beta1/sites/juicyjaymart/versions  

[debug] [2018-08-31T15:50:47.137Z] <<< HTTP RESPONSE 200
